<?xml version="1.0" encoding="UTF-8"?>
<!-- Generated by org.testng.reporters.JUnitReportReporter -->
<testsuite skipped="0" hostname="LAPTOP-48NLNINU" name="demoProject.SeleniumFramework.ValidateRegister" tests="1" failures="0" timestamp="23 Jun 2020 20:02:19 GMT" time="34.925" errors="0">
  <testcase name="register" time="34.925" classname="demoProject.SeleniumFramework.ValidateRegister"/>
</testsuite> <!-- demoProject.SeleniumFramework.ValidateRegister -->
