<?xml version="1.0" encoding="UTF-8"?>
<!-- Generated by org.testng.reporters.JUnitReportReporter -->
<testsuite skipped="0" hostname="LAPTOP-48NLNINU" name="demoProject.SeleniumFramework.ValidateHome" tests="1" failures="0" timestamp="23 Jun 2020 20:02:19 GMT" time="15.142" errors="0">
  <testcase name="home" time="15.142" classname="demoProject.SeleniumFramework.ValidateHome"/>
</testsuite> <!-- demoProject.SeleniumFramework.ValidateHome -->
