<?xml version="1.0" encoding="UTF-8"?>
<!-- Generated by org.testng.reporters.JUnitReportReporter -->
<testsuite skipped="0" hostname="LAPTOP-48NLNINU" name="demoProject.SeleniumFramework.ValidateLogin" tests="1" failures="0" timestamp="23 Jun 2020 20:02:19 GMT" time="24.562" errors="0">
  <testcase name="login" time="24.562" classname="demoProject.SeleniumFramework.ValidateLogin"/>
</testsuite> <!-- demoProject.SeleniumFramework.ValidateLogin -->
